Flow report for Processador_mips
Tue Jul 10 14:57:56 2018
Quartus II 64-Bit Version 13.0.1 Build 232 06/12/2013 Service Pack 1 SJ Web Edition


---------------------
; Table of Contents ;
---------------------
  1. Legal Notice
  2. Flow Summary
  3. Flow Settings
  4. Flow Non-Default Global Settings
  5. Flow Elapsed Time
  6. Flow OS Summary
  7. Flow Log
  8. Flow Messages
  9. Flow Suppressed Messages



----------------
; Legal Notice ;
----------------
Copyright (C) 1991-2013 Altera Corporation
Your use of Altera Corporation's design tools, logic functions 
and other software and tools, and its AMPP partner logic 
functions, and any output files from any of the foregoing 
(including device programming or simulation files), and any 
associated documentation or information are expressly subject 
to the terms and conditions of the Altera Program License 
Subscription Agreement, Altera MegaCore Function License 
Agreement, or other applicable license agreement, including, 
without limitation, that your use is for the sole purpose of 
programming logic devices manufactured by Altera and sold by 
Altera or its authorized distributors.  Please refer to the 
applicable agreement for further details.



+--------------------------------------------------------------------------------------+
; Flow Summary                                                                         ;
+------------------------------------+-------------------------------------------------+
; Flow Status                        ; Successful - Tue Jul 10 14:57:56 2018           ;
; Quartus II 64-Bit Version          ; 13.0.1 Build 232 06/12/2013 SP 1 SJ Web Edition ;
; Revision Name                      ; Processador_mips                                ;
; Top-level Entity Name              ; Processador_mips_final                          ;
; Family                             ; Cyclone II                                      ;
; Device                             ; EP2C35F672C6                                    ;
; Timing Models                      ; Final                                           ;
; Total logic elements               ; 3,223 / 33,216 ( 10 % )                         ;
;     Total combinational functions  ; 2,780 / 33,216 ( 8 % )                          ;
;     Dedicated logic registers      ; 1,088 / 33,216 ( 3 % )                          ;
; Total registers                    ; 1088                                            ;
; Total pins                         ; 205 / 475 ( 43 % )                              ;
; Total virtual pins                 ; 0                                               ;
; Total memory bits                  ; 16,384 / 483,840 ( 3 % )                        ;
; Embedded Multiplier 9-bit elements ; 0 / 70 ( 0 % )                                  ;
; Total PLLs                         ; 0 / 4 ( 0 % )                                   ;
+------------------------------------+-------------------------------------------------+


+-----------------------------------------+
; Flow Settings                           ;
+-------------------+---------------------+
; Option            ; Setting             ;
+-------------------+---------------------+
; Start date & time ; 07/10/2018 14:56:54 ;
; Main task         ; Compilation         ;
; Revision Name     ; Processador_mips    ;
+-------------------+---------------------+


+-------------------------------------------------------------------------------------------------------------------------------------------+
; Flow Non-Default Global Settings                                                                                                          ;
+--------------------------------------+---------------------------------------+------------------+------------------------+----------------+
; Assignment Name                      ; Value                                 ; Default Value    ; Entity Name            ; Section Id     ;
+--------------------------------------+---------------------------------------+------------------+------------------------+----------------+
; COMPILER_SIGNATURE_ID                ; 345052807169.153124541302276          ; --               ; --                     ; --             ;
; EDA_DESIGN_INSTANCE_NAME             ; i1                                    ; --               ; --                     ; processador    ;
; EDA_ENABLE_GLITCH_FILTERING          ; On                                    ; --               ; --                     ; eda_simulation ;
; EDA_GENERATE_FUNCTIONAL_NETLIST      ; On                                    ; --               ; --                     ; eda_simulation ;
; EDA_MAP_ILLEGAL_CHARACTERS           ; On                                    ; --               ; --                     ; eda_simulation ;
; EDA_NATIVELINK_SIMULATION_TEST_BENCH ; processador                           ; --               ; --                     ; eda_simulation ;
; EDA_OUTPUT_DATA_FORMAT               ; Verilog Hdl                           ; --               ; --                     ; eda_simulation ;
; EDA_SIMULATION_TOOL                  ; ModelSim-Altera (Verilog)             ; <None>           ; --                     ; --             ;
; EDA_TEST_BENCH_DESIGN_INSTANCE_NAME  ; i1                                    ; --               ; --                     ; eda_simulation ;
; EDA_TEST_BENCH_ENABLE_STATUS         ; TEST_BENCH_MODE                       ; --               ; --                     ; eda_simulation ;
; EDA_TEST_BENCH_FILE                  ; processador_tb.vhd                    ; --               ; --                     ; processador    ;
; EDA_TEST_BENCH_MODULE_NAME           ; processador                           ; --               ; --                     ; processador    ;
; EDA_TEST_BENCH_NAME                  ; processador                           ; --               ; --                     ; eda_simulation ;
; EDA_TEST_BENCH_RUN_SIM_FOR           ; 200 s                                 ; --               ; --                     ; processador    ;
; EDA_WRITE_NODES_FOR_POWER_ESTIMATION ; Off                                   ; --               ; --                     ; eda_simulation ;
; IP_TOOL_NAME                         ; ROM: 1-PORT                           ; --               ; --                     ; --             ;
; IP_TOOL_NAME                         ; RAM: 1-PORT                           ; --               ; --                     ; --             ;
; IP_TOOL_VERSION                      ; 13.0                                  ; --               ; --                     ; --             ;
; IP_TOOL_VERSION                      ; 13.0                                  ; --               ; --                     ; --             ;
; MAX_CORE_JUNCTION_TEMP               ; 85                                    ; --               ; --                     ; --             ;
; MIN_CORE_JUNCTION_TEMP               ; 0                                     ; --               ; --                     ; --             ;
; MISC_FILE                            ; memoria_instrucoes.cmp                ; --               ; --                     ; --             ;
; MISC_FILE                            ; memoria_dados.cmp                     ; --               ; --                     ; --             ;
; PARTITION_COLOR                      ; 16764057                              ; --               ; Processador_mips_final ; Top            ;
; PARTITION_FITTER_PRESERVATION_LEVEL  ; PLACEMENT_AND_ROUTING                 ; --               ; Processador_mips_final ; Top            ;
; PARTITION_NETLIST_TYPE               ; SOURCE                                ; --               ; Processador_mips_final ; Top            ;
; POWER_BOARD_THERMAL_MODEL            ; None (CONSERVATIVE)                   ; --               ; --                     ; --             ;
; POWER_PRESET_COOLING_SOLUTION        ; 23 MM HEAT SINK WITH 200 LFPM AIRFLOW ; --               ; --                     ; --             ;
; PROJECT_OUTPUT_DIRECTORY             ; output_files                          ; --               ; --                     ; --             ;
; TOP_LEVEL_ENTITY                     ; Processador_mips_final                ; Processador_mips ; --                     ; --             ;
; VHDL_SHOW_LMF_MAPPING_MESSAGES       ; Off                                   ; --               ; --                     ; --             ;
+--------------------------------------+---------------------------------------+------------------+------------------------+----------------+


+-------------------------------------------------------------------------------------------------------------------------------+
; Flow Elapsed Time                                                                                                             ;
+---------------------------+--------------+-------------------------+---------------------+------------------------------------+
; Module Name               ; Elapsed Time ; Average Processors Used ; Peak Virtual Memory ; Total CPU Time (on all processors) ;
+---------------------------+--------------+-------------------------+---------------------+------------------------------------+
; Analysis & Synthesis      ; 00:00:10     ; 1.0                     ; 4686 MB             ; 00:00:09                           ;
; Fitter                    ; 00:00:42     ; 1.0                     ; 4962 MB             ; 00:00:42                           ;
; Assembler                 ; 00:00:02     ; 1.0                     ; 4598 MB             ; 00:00:02                           ;
; TimeQuest Timing Analyzer ; 00:00:03     ; 1.0                     ; 4671 MB             ; 00:00:03                           ;
; EDA Netlist Writer        ; 00:00:01     ; 1.0                     ; 4563 MB             ; 00:00:01                           ;
; Total                     ; 00:00:58     ; --                      ; --                  ; 00:00:57                           ;
+---------------------------+--------------+-------------------------+---------------------+------------------------------------+


+----------------------------------------------------------------------------------------+
; Flow OS Summary                                                                        ;
+---------------------------+------------------+-----------+------------+----------------+
; Module Name               ; Machine Hostname ; OS Name   ; OS Version ; Processor type ;
+---------------------------+------------------+-----------+------------+----------------+
; Analysis & Synthesis      ; MW2017           ; Windows 7 ; 6.2        ; x86_64         ;
; Fitter                    ; MW2017           ; Windows 7 ; 6.2        ; x86_64         ;
; Assembler                 ; MW2017           ; Windows 7 ; 6.2        ; x86_64         ;
; TimeQuest Timing Analyzer ; MW2017           ; Windows 7 ; 6.2        ; x86_64         ;
; EDA Netlist Writer        ; MW2017           ; Windows 7 ; 6.2        ; x86_64         ;
+---------------------------+------------------+-----------+------------+----------------+


------------
; Flow Log ;
------------
quartus_map --read_settings_files=on --write_settings_files=off Processador_mips -c Processador_mips
quartus_fit --read_settings_files=off --write_settings_files=off Processador_mips -c Processador_mips
quartus_asm --read_settings_files=off --write_settings_files=off Processador_mips -c Processador_mips
quartus_sta Processador_mips -c Processador_mips
quartus_eda --read_settings_files=off --write_settings_files=off Processador_mips -c Processador_mips



